Línea 25: la clase csXGraphTrial.Draw del control Draw1 no era una clase de control cargada.
Línea 31: el nombre de la propiedad GraphType de Draw1 no es válido.
Línea 32: el nombre de la propiedad CenterX de Draw1 no es válido.
Línea 33: el nombre de la propiedad CenterY de Draw1 no es válido.
Línea 34: el nombre de la propiedad PieDia de Draw1 no es válido.
Línea 35: el nombre de la propiedad Offset de Draw1 no es válido.
Línea 36: el nombre de la propiedad BGColor de Draw1 no es válido.
Línea 37: el nombre de la propiedad LegendX de Draw1 no es válido.
Línea 38: el nombre de la propiedad LegendY de Draw1 no es válido.
Línea 39: el nombre de la propiedad Square de Draw1 no es válido.
Línea 40: el nombre de la propiedad Padding de Draw1 no es válido.
Línea 41: el nombre de la propiedad GraphPen de Draw1 no es válido.
Línea 42: el nombre de la propiedad ShowLabel de Draw1 no es válido.
Línea 43: el nombre de la propiedad ShowPercent de Draw1 no es válido.
Línea 44: el nombre de la propiedad ShowNumbers de Draw1 no es válido.
Línea 53: el nombre de la propiedad LabelFont de Draw1 no es válido.
Línea 54: el nombre de la propiedad ShowLegend de Draw1 no es válido.
Línea 55: el nombre de la propiedad ShowLegendBox de Draw1 no es válido.
Línea 64: el nombre de la propiedad LegendFont de Draw1 no es válido.
Línea 65: el nombre de la propiedad TitleX de Draw1 no es válido.
Línea 66: el nombre de la propiedad TitleY de Draw1 no es válido.
Línea 75: el nombre de la propiedad TitleFont de Draw1 no es válido.
Línea 76: el nombre de la propiedad Title de Draw1 no es válido.
Línea 85: el nombre de la propiedad AxisTextFont de Draw1 no es válido.
Línea 86: el nombre de la propiedad XAxisText de Draw1 no es válido.
Línea 87: el nombre de la propiedad YAxisText de Draw1 no es válido.
Línea 88: el nombre de la propiedad Decimals de Draw1 no es válido.
Línea 89: el nombre de la propiedad OriginX de Draw1 no es válido.
Línea 90: el nombre de la propiedad OriginY de Draw1 no es válido.
Línea 91: el nombre de la propiedad MaxX de Draw1 no es válido.
Línea 92: el nombre de la propiedad MaxY de Draw1 no es válido.
Línea 93: el nombre de la propiedad BarWidth de Draw1 no es válido.
Línea 94: el nombre de la propiedad BarGap de Draw1 no es válido.
Línea 95: el nombre de la propiedad YGrad de Draw1 no es válido.
Línea 96: el nombre de la propiedad YTop de Draw1 no es válido.
Línea 97: el nombre de la propiedad RNDColor de Draw1 no es válido.
Línea 98: el nombre de la propiedad LabelVertical de Draw1 no es válido.
Línea 99: el nombre de la propiedad ShowGrid de Draw1 no es válido.
Línea 100: el nombre de la propiedad GridStyle de Draw1 no es válido.
Línea 101: el nombre de la propiedad GridColor de Draw1 no es válido.
Línea 102: el nombre de la propiedad ShowBarTotal de Draw1 no es válido.
Línea 103: el nombre de la propiedad TransColor de Draw1 no es válido.
Línea 104: el nombre de la propiedad XTop de Draw1 no es válido.
Línea 105: el nombre de la propiedad XGrad de Draw1 no es válido.
Línea 106: el nombre de la propiedad XValuesVertical de Draw1 no es válido.
Línea 107: el nombre de la propiedad LineWidth de Draw1 no es válido.
Línea 108: el nombre de la propiedad PointStyle de Draw1 no es válido.
Línea 109: el nombre de la propiedad PointSize de Draw1 no es válido.
Línea 110: el nombre de la propiedad XOffset de Draw1 no es válido.
Línea 111: el nombre de la propiedad YOffset de Draw1 no es válido.
Línea 112: el nombre de la propiedad UseXAxisLabels de Draw1 no es válido.
Línea 113: el nombre de la propiedad UseYAxisLabels de Draw1 no es válido.
Línea 114: el nombre de la propiedad XMarkSize de Draw1 no es válido.
Línea 115: el nombre de la propiedad YMarkSize de Draw1 no es válido.
Línea 116: el nombre de la propiedad XAxisNegative de Draw1 no es válido.
Línea 117: el nombre de la propiedad YAxisNegative de Draw1 no es válido.
Línea 118: el nombre de la propiedad LabelBGColor de Draw1 no es válido.
Línea 119: el nombre de la propiedad TitleBGColor de Draw1 no es válido.
Línea 120: el nombre de la propiedad LegendBGColor de Draw1 no es válido.
Línea 121: el nombre de la propiedad AxisTextBGColor de Draw1 no es válido.
Línea 122: el nombre de la propiedad Prefix de Draw1 no es válido.
Línea 123: el nombre de la propiedad Suffix de Draw1 no es válido.
Línea 124: el nombre de la propiedad PlotAreaColor de Draw1 no es válido.
Línea 133: el nombre de la propiedad TextFont de Draw1 no es válido.
Línea 134: el nombre de la propiedad ShowLine de Draw1 no es válido.
Línea 135: el nombre de la propiedad Transparent de Draw1 no es válido.
Línea 136: el nombre de la propiedad ShowSeparator de Draw1 no es válido.
Línea 137: el nombre de la propiedad JpegQuality de Draw1 no es válido.
Línea 138: el nombre de la propiedad DoubleBuffered de Draw1 no es válido.
Línea 140: el nombre de la propiedad Object.Visible de Draw1 no es válido.
Línea 141: el nombre de la propiedad Cursor de Draw1 no es válido.
Línea 142: el nombre de la propiedad HelpType de Draw1 no es válido.
Línea 143: el nombre de la propiedad HelpKeyword de Draw1 no es válido.
Línea 144: el nombre de la propiedad Object.Height de Draw1 no es válido.
Línea 145: el nombre de la propiedad Object.Width de Draw1 no es válido.
Línea 146: el nombre de la propiedad UseRNDColor de Draw1 no es válido.
Línea 147: el nombre de la propiedad TextBGColor de Draw1 no es válido.
Línea 148: el nombre de la propiedad LabelTransparent de Draw1 no es válido.
Línea 149: el nombre de la propiedad TitleTransparent de Draw1 no es válido.
Línea 150: el nombre de la propiedad AxisTextTransparent de Draw1 no es válido.
Línea 151: el nombre de la propiedad TextTransparent de Draw1 no es válido.
Línea 152: el nombre de la propiedad ShowTotalIfZero de Draw1 no es válido.
Línea 153: el nombre de la propiedad LabelColor de Draw1 no es válido.
Línea 154: el nombre de la propiedad LegendColor de Draw1 no es válido.
Línea 155: el nombre de la propiedad TitleColor de Draw1 no es válido.
Línea 156: el nombre de la propiedad AxisTextColor de Draw1 no es válido.
Línea 157: el nombre de la propiedad TextColor de Draw1 no es válido.
Línea 166: el nombre de la propiedad LineGraphTextFont de Draw1 no es válido.
Línea 167: el nombre de la propiedad LineGraphTextColor de Draw1 no es válido.
Línea 168: el nombre de la propiedad LineGraphTextBGColor de Draw1 no es válido.
Línea 169: el nombre de la propiedad LineGraphTextTransparent de Draw1 no es válido.
Línea 170: el nombre de la propiedad LineGraphTextBorder de Draw1 no es válido.
Línea 171: el nombre de la propiedad LineGraphTextLeader de Draw1 no es válido.
Línea 172: el nombre de la propiedad LineGraphBorderColor de Draw1 no es válido.
Línea 173: el nombre de la propiedad LineGraphLeaderColor de Draw1 no es válido.
Línea 174: el nombre de la propiedad LineGraphTextAlign de Draw1 no es válido.
Línea 175: el nombre de la propiedad LineGraphTextX de Draw1 no es válido.
Línea 176: el nombre de la propiedad LineGraphTextY de Draw1 no es válido.
Línea 177: el nombre de la propiedad ShowPlotBorder de Draw1 no es válido.
Línea 178: el nombre de la propiedad TitleTextAlign de Draw1 no es válido.
Línea 179: el nombre de la propiedad HideHGrid de Draw1 no es válido.
Línea 180: el nombre de la propiedad HideVGrid de Draw1 no es válido.
Línea 181: el nombre de la propiedad UseXAxisDates de Draw1 no es válido.
Línea 182: el nombre de la propiedad UseYAxisDates de Draw1 no es válido.
Línea 183: el nombre de la propiedad DateTimeFormat de Draw1 no es válido.
Línea 184: el nombre de la propiedad UseLZW de Draw1 no es válido.
Línea 185: el nombre de la propiedad ShowStackedValue de Draw1 no es válido.
Línea 194: el nombre de la propiedad StackedTextFont de Draw1 no es válido.
Línea 195: el nombre de la propiedad StackedTextBGColor de Draw1 no es válido.
Línea 196: el nombre de la propiedad StackedTextTransparent de Draw1 no es válido.
Línea 197: el nombre de la propiedad StackedTextAlign de Draw1 no es válido.
Línea 198: el nombre de la propiedad StackedTextColor de Draw1 no es válido.
Línea 199: el nombre de la propiedad LegendVertical de Draw1 no es válido.
Línea 200: el nombre de la propiedad LegendAlign de Draw1 no es válido.
Línea 201: el nombre de la propiedad DateFormatString de Draw1 no es válido.
Línea 202: el nombre de la propiedad TimeFormatString de Draw1 no es válido.
Línea 203: el nombre de la propiedad PrefixX de Draw1 no es válido.
Línea 204: el nombre de la propiedad PrefixY de Draw1 no es válido.
Línea 205: el nombre de la propiedad SuffixX de Draw1 no es válido.
Línea 206: el nombre de la propiedad SuffixY de Draw1 no es válido.
Línea 207: el nombre de la propiedad ShowSeparatorX de Draw1 no es válido.
Línea 208: el nombre de la propiedad ShowSeparatorY de Draw1 no es válido.
Línea 209: el nombre de la propiedad LegendHideEmptyNames de Draw1 no es válido.
Línea 210: el nombre de la propiedad LegendInvert de Draw1 no es válido.
Línea 211: el nombre de la propiedad StartAngle de Draw1 no es válido.
Línea 212: el nombre de la propiedad ShowTrendLine de Draw1 no es válido.
Línea 213: el nombre de la propiedad TrendLineColor de Draw1 no es válido.
Línea 214: el nombre de la propiedad TrendLineName de Draw1 no es válido.
Línea 215: el nombre de la propiedad TrendLineWidth de Draw1 no es válido.
Línea 216: el nombre de la propiedad BarTotalVertical de Draw1 no es válido.
