Line 186: Class GridEX20.GridEX of control GridEX1 was not a loaded control class.
Line 216: Class MSDataGridLib.DataGrid of control DGridLista was not a loaded control class.
Line 364: Class Mantenimientos.MantFunc of control MantFunc1 was not a loaded control class.
Line 192: The property name _ExtentX in GridEX1 is invalid.
Line 193: The property name _ExtentY in GridEX1 is invalid.
Line 194: The property name Version in GridEX1 is invalid.
Line 195: The property name BoundColumnIndex in GridEX1 is invalid.
Line 196: The property name ReplaceColumnIndex in GridEX1 is invalid.
Line 198: The property name MethodHoldFields in GridEX1 is invalid.
Line 199: The property name AllowEdit in GridEX1 is invalid.
Line 200: The property name GroupByBoxVisible in GridEX1 is invalid.
Line 201: The property name ColumnHeaderHeight in GridEX1 is invalid.
Line 202: The property name IntProp1 in GridEX1 is invalid.
Line 203: The property name ColumnsCount in GridEX1 is invalid.
Line 204: The property name Column(1) in GridEX1 is invalid.
Line 205: The property name Column(2) in GridEX1 is invalid.
Line 206: The property name FormatStylesCount in GridEX1 is invalid.
Line 207: The property name FormatStyle(1) in GridEX1 is invalid.
Line 208: The property name FormatStyle(2) in GridEX1 is invalid.
Line 209: The property name FormatStyle(3) in GridEX1 is invalid.
Line 210: The property name FormatStyle(4) in GridEX1 is invalid.
Line 211: The property name FormatStyle(5) in GridEX1 is invalid.
Line 212: The property name FormatStyle(6) in GridEX1 is invalid.
Line 213: The property name ImageCount in GridEX1 is invalid.
Line 214: The property name PrinterProperties in GridEX1 is invalid.
Line 222: The property name _ExtentX in DGridLista is invalid.
Line 223: The property name _ExtentY in DGridLista is invalid.
Line 224: The property name _Version in DGridLista is invalid.
Line 225: The property name AllowUpdate in DGridLista is invalid.
Line 226: The property name HeadLines in DGridLista is invalid.
Line 227: The property name RowHeight in DGridLista is invalid.
Line 228: The property name FormatLocked in DGridLista is invalid.
Line 237: The property name HeadFont in DGridLista is invalid.
Line 247: The property name ColumnCount in DGridLista is invalid.
Line 260: The property name Column00 in DGridLista is invalid.
Line 273: The property name Column01 in DGridLista is invalid.
Line 286: The property name Column02 in DGridLista is invalid.
Line 299: The property name Column03 in DGridLista is invalid.
Line 312: The property name Column04 in DGridLista is invalid.
Line 325: The property name Column05 in DGridLista is invalid.
Line 338: The property name Column06 in DGridLista is invalid.
Line 339: The property name SplitCount in DGridLista is invalid.
Line 361: The property name Split0 in DGridLista is invalid.
Line 370: The property name _ExtentX in MantFunc1 is invalid.
Line 371: The property name _ExtentY in MantFunc1 is invalid.
Line 372: The property name Custom in MantFunc1 is invalid.
Line 373: The property name Orientacion in MantFunc1 is invalid.
Line 374: The property name Style in MantFunc1 is invalid.
Line 375: The property name Language in MantFunc1 is invalid.
Line 376: The property name TypeImageList in MantFunc1 is invalid.
