Línea 64: la clase FunctionsButtons.FunctButt del control FunctButt2 no era una clase de control cargada.
Línea 82: la clase GridEX20.GridEX del control GridEX1 no era una clase de control cargada.
Línea 70: el nombre de la propiedad _ExtentX de FunctButt2 no es válido.
Línea 71: el nombre de la propiedad _ExtentY de FunctButt2 no es válido.
Línea 72: el nombre de la propiedad Custom de FunctButt2 no es válido.
Línea 73: el nombre de la propiedad Orientacion de FunctButt2 no es válido.
Línea 74: el nombre de la propiedad Style de FunctButt2 no es válido.
Línea 75: el nombre de la propiedad Language de FunctButt2 no es válido.
Línea 76: el nombre de la propiedad TypeImageList de FunctButt2 no es válido.
Línea 77: el nombre de la propiedad ControlWidth de FunctButt2 no es válido.
Línea 78: el nombre de la propiedad ControlHeigth de FunctButt2 no es válido.
Línea 79: el nombre de la propiedad ControlSeparator de FunctButt2 no es válido.
Línea 88: el nombre de la propiedad _ExtentX de GridEX1 no es válido.
Línea 89: el nombre de la propiedad _ExtentY de GridEX1 no es válido.
Línea 90: el nombre de la propiedad Version de GridEX1 no es válido.
Línea 91: el nombre de la propiedad AutomaticSort de GridEX1 no es válido.
Línea 92: el nombre de la propiedad BoundColumnIndex de GridEX1 no es válido.
Línea 93: el nombre de la propiedad ReplaceColumnIndex de GridEX1 no es válido.
Línea 94: el nombre de la propiedad Options de GridEX1 no es válido.
Línea 95: el nombre de la propiedad RecordsetType de GridEX1 no es válido.
Línea 96: el nombre de la propiedad AllowEdit de GridEX1 no es válido.
Línea 97: el nombre de la propiedad GroupByBoxVisible de GridEX1 no es válido.
Línea 98: el nombre de la propiedad ImageCount de GridEX1 no es válido.
Línea 99: el nombre de la propiedad ImagePicture1 de GridEX1 no es válido.
Línea 100: el nombre de la propiedad DataMode de GridEX1 no es válido.
Línea 101: el nombre de la propiedad ColumnHeaderHeight de GridEX1 no es válido.
Línea 102: el nombre de la propiedad ColumnsCount de GridEX1 no es válido.
Línea 103: el nombre de la propiedad Column(1) de GridEX1 no es válido.
Línea 104: el nombre de la propiedad Column(2) de GridEX1 no es válido.
Línea 105: el nombre de la propiedad FormatStylesCount de GridEX1 no es válido.
Línea 106: el nombre de la propiedad FormatStyle(1) de GridEX1 no es válido.
Línea 107: el nombre de la propiedad FormatStyle(2) de GridEX1 no es válido.
Línea 108: el nombre de la propiedad FormatStyle(3) de GridEX1 no es válido.
Línea 109: el nombre de la propiedad FormatStyle(4) de GridEX1 no es válido.
Línea 110: el nombre de la propiedad FormatStyle(5) de GridEX1 no es válido.
Línea 111: el nombre de la propiedad FormatStyle(6) de GridEX1 no es válido.
Línea 112: el nombre de la propiedad FormatStyle(7) de GridEX1 no es válido.
Línea 113: el nombre de la propiedad FormatStyle(8) de GridEX1 no es válido.
Línea 114: el nombre de la propiedad ImageCount de GridEX1 no es válido.
Línea 115: el nombre de la propiedad ImagePicture(1) de GridEX1 no es válido.
Línea 116: el nombre de la propiedad PrinterProperties de GridEX1 no es válido.
