Línea 169: la propiedad Picture de cmdPrevious tenía una referencia a archivo no válida.
Línea 179: la propiedad Picture de cmdNext tenía una referencia a archivo no válida.
Línea 189: la propiedad Picture de cmdFirst tenía una referencia a archivo no válida.
Línea 199: la propiedad Picture de cmdLast tenía una referencia a archivo no válida.
Línea 209: la propiedad Picture de cmdUndo tenía una referencia a archivo no válida.
Línea 219: la propiedad Picture de cmdSave tenía una referencia a archivo no válida.
Línea 229: la propiedad Picture de cmdDelete tenía una referencia a archivo no válida.
Línea 239: la propiedad Picture de cmdEdit tenía una referencia a archivo no válida.
Línea 249: la propiedad Picture de cmdNew tenía una referencia a archivo no válida.
Línea 259: la propiedad Picture de cmdClose tenía una referencia a archivo no válida.
Línea 275: la propiedad Custom de MantFunc1 tenía un valor no válido.
Línea 169: la propiedad Picture de cmdPrevious tenía una referencia a archivo no válida.
Línea 179: la propiedad Picture de cmdNext tenía una referencia a archivo no válida.
Línea 189: la propiedad Picture de cmdFirst tenía una referencia a archivo no válida.
Línea 199: la propiedad Picture de cmdLast tenía una referencia a archivo no válida.
Línea 209: la propiedad Picture de cmdUndo tenía una referencia a archivo no válida.
Línea 219: la propiedad Picture de cmdSave tenía una referencia a archivo no válida.
Línea 229: la propiedad Picture de cmdDelete tenía una referencia a archivo no válida.
Línea 239: la propiedad Picture de cmdEdit tenía una referencia a archivo no válida.
Línea 249: la propiedad Picture de cmdNew tenía una referencia a archivo no válida.
Línea 259: la propiedad Picture de cmdClose tenía una referencia a archivo no válida.
Línea 275: la propiedad Custom de MantFunc1 tenía un valor no válido.
