Línea 77: la propiedad Custom de FunctButt1 tenía un valor no válido.
Línea 126: la propiedad Picture de CmdEliminar tenía una referencia a archivo no válida.
Línea 207: la propiedad Column(1) de gexDetalle tenía una referencia a archivo no válida.
Línea 208: la propiedad Column(2) de gexDetalle tenía una referencia a archivo no válida.
Línea 210: la propiedad FormatStyle(1) de gexDetalle tenía una referencia a archivo no válida.
Línea 211: la propiedad FormatStyle(2) de gexDetalle tenía una referencia a archivo no válida.
Línea 212: la propiedad FormatStyle(3) de gexDetalle tenía una referencia a archivo no válida.
Línea 213: la propiedad FormatStyle(4) de gexDetalle tenía una referencia a archivo no válida.
Línea 214: la propiedad FormatStyle(5) de gexDetalle tenía una referencia a archivo no válida.
Línea 215: la propiedad FormatStyle(6) de gexDetalle tenía una referencia a archivo no válida.
Línea 217: la propiedad PrinterProperties de gexDetalle tenía una referencia a archivo no válida.
Línea 294: la propiedad Picture de CmdAnadir tenía una referencia a archivo no válida.
Línea 461: la propiedad ItemData de cmbViaTransporte_Cli tenía una referencia a archivo no válida.
Línea 463: la propiedad List de cmbViaTransporte_Cli tenía una referencia a archivo no válida.
Línea 77: la propiedad Custom de FunctButt1 tenía un valor no válido.
Línea 126: la propiedad Picture de CmdEliminar tenía una referencia a archivo no válida.
Línea 207: la propiedad Column(1) de gexDetalle tenía una referencia a archivo no válida.
Línea 208: la propiedad Column(2) de gexDetalle tenía una referencia a archivo no válida.
Línea 210: la propiedad FormatStyle(1) de gexDetalle tenía una referencia a archivo no válida.
Línea 211: la propiedad FormatStyle(2) de gexDetalle tenía una referencia a archivo no válida.
Línea 212: la propiedad FormatStyle(3) de gexDetalle tenía una referencia a archivo no válida.
Línea 213: la propiedad FormatStyle(4) de gexDetalle tenía una referencia a archivo no válida.
Línea 214: la propiedad FormatStyle(5) de gexDetalle tenía una referencia a archivo no válida.
Línea 215: la propiedad FormatStyle(6) de gexDetalle tenía una referencia a archivo no válida.
Línea 217: la propiedad PrinterProperties de gexDetalle tenía una referencia a archivo no válida.
Línea 294: la propiedad Picture de CmdAnadir tenía una referencia a archivo no válida.
Línea 461: la propiedad ItemData de cmbViaTransporte_Cli tenía una referencia a archivo no válida.
Línea 463: la propiedad List de cmbViaTransporte_Cli tenía una referencia a archivo no válida.
