Línea 12: la propiedad Icon de frmShowGuiasxFact_TelaTenida tenía una referencia a archivo no válida.
Línea 457: la propiedad Column(1) de GridEX2 tenía una referencia a archivo no válida.
Línea 458: la propiedad Column(2) de GridEX2 tenía una referencia a archivo no válida.
Línea 460: la propiedad FormatStyle(1) de GridEX2 tenía una referencia a archivo no válida.
Línea 461: la propiedad FormatStyle(2) de GridEX2 tenía una referencia a archivo no válida.
Línea 462: la propiedad FormatStyle(3) de GridEX2 tenía una referencia a archivo no válida.
Línea 463: la propiedad FormatStyle(4) de GridEX2 tenía una referencia a archivo no válida.
Línea 464: la propiedad FormatStyle(5) de GridEX2 tenía una referencia a archivo no válida.
Línea 465: la propiedad FormatStyle(6) de GridEX2 tenía una referencia a archivo no válida.
Línea 467: la propiedad PrinterProperties de GridEX2 tenía una referencia a archivo no válida.
Línea 486: la propiedad Column(1) de GridEX3 tenía una referencia a archivo no válida.
Línea 487: la propiedad Column(2) de GridEX3 tenía una referencia a archivo no válida.
Línea 489: la propiedad FormatStyle(1) de GridEX3 tenía una referencia a archivo no válida.
Línea 490: la propiedad FormatStyle(2) de GridEX3 tenía una referencia a archivo no válida.
Línea 491: la propiedad FormatStyle(3) de GridEX3 tenía una referencia a archivo no válida.
Línea 492: la propiedad FormatStyle(4) de GridEX3 tenía una referencia a archivo no válida.
Línea 493: la propiedad FormatStyle(5) de GridEX3 tenía una referencia a archivo no válida.
Línea 494: la propiedad FormatStyle(6) de GridEX3 tenía una referencia a archivo no válida.
Línea 496: la propiedad PrinterProperties de GridEX3 tenía una referencia a archivo no válida.
Línea 563: la propiedad Custom de FunctButt1 tenía un valor no válido.
Línea 609: la propiedad Column(1) de GridEX1 tenía una referencia a archivo no válida.
Línea 610: la propiedad Column(2) de GridEX1 tenía una referencia a archivo no válida.
Línea 612: la propiedad FormatStyle(1) de GridEX1 tenía una referencia a archivo no válida.
Línea 613: la propiedad FormatStyle(2) de GridEX1 tenía una referencia a archivo no válida.
Línea 614: la propiedad FormatStyle(3) de GridEX1 tenía una referencia a archivo no válida.
Línea 615: la propiedad FormatStyle(4) de GridEX1 tenía una referencia a archivo no válida.
Línea 616: la propiedad FormatStyle(5) de GridEX1 tenía una referencia a archivo no válida.
Línea 617: la propiedad FormatStyle(6) de GridEX1 tenía una referencia a archivo no válida.
Línea 618: la propiedad FormatStyle(7) de GridEX1 tenía una referencia a archivo no válida.
Línea 619: la propiedad FormatStyle(8) de GridEX1 tenía una referencia a archivo no válida.
Línea 621: la propiedad PrinterProperties de GridEX1 tenía una referencia a archivo no válida.
