Línea 43: la propiedad Column(1) de GrdUserSerie tenía una referencia a archivo no válida.
Línea 44: la propiedad Column(2) de GrdUserSerie tenía una referencia a archivo no válida.
Línea 46: la propiedad FormatStyle(1) de GrdUserSerie tenía una referencia a archivo no válida.
Línea 47: la propiedad FormatStyle(2) de GrdUserSerie tenía una referencia a archivo no válida.
Línea 48: la propiedad FormatStyle(3) de GrdUserSerie tenía una referencia a archivo no válida.
Línea 49: la propiedad FormatStyle(4) de GrdUserSerie tenía una referencia a archivo no válida.
Línea 50: la propiedad FormatStyle(5) de GrdUserSerie tenía una referencia a archivo no válida.
Línea 51: la propiedad FormatStyle(6) de GrdUserSerie tenía una referencia a archivo no válida.
Línea 53: la propiedad PrinterProperties de GrdUserSerie tenía una referencia a archivo no válida.
Línea 107: la propiedad Column(1) de grdUserDisponibles tenía una referencia a archivo no válida.
Línea 108: la propiedad Column(2) de grdUserDisponibles tenía una referencia a archivo no válida.
Línea 110: la propiedad FormatStyle(1) de grdUserDisponibles tenía una referencia a archivo no válida.
Línea 111: la propiedad FormatStyle(2) de grdUserDisponibles tenía una referencia a archivo no válida.
Línea 112: la propiedad FormatStyle(3) de grdUserDisponibles tenía una referencia a archivo no válida.
Línea 113: la propiedad FormatStyle(4) de grdUserDisponibles tenía una referencia a archivo no válida.
Línea 114: la propiedad FormatStyle(5) de grdUserDisponibles tenía una referencia a archivo no válida.
Línea 115: la propiedad FormatStyle(6) de grdUserDisponibles tenía una referencia a archivo no válida.
Línea 117: la propiedad PrinterProperties de grdUserDisponibles tenía una referencia a archivo no válida.
Línea 43: la propiedad Column(1) de GrdUserSerie tenía una referencia a archivo no válida.
Línea 44: la propiedad Column(2) de GrdUserSerie tenía una referencia a archivo no válida.
Línea 46: la propiedad FormatStyle(1) de GrdUserSerie tenía una referencia a archivo no válida.
Línea 47: la propiedad FormatStyle(2) de GrdUserSerie tenía una referencia a archivo no válida.
Línea 48: la propiedad FormatStyle(3) de GrdUserSerie tenía una referencia a archivo no válida.
Línea 49: la propiedad FormatStyle(4) de GrdUserSerie tenía una referencia a archivo no válida.
Línea 50: la propiedad FormatStyle(5) de GrdUserSerie tenía una referencia a archivo no válida.
Línea 51: la propiedad FormatStyle(6) de GrdUserSerie tenía una referencia a archivo no válida.
Línea 53: la propiedad PrinterProperties de GrdUserSerie tenía una referencia a archivo no válida.
Línea 107: la propiedad Column(1) de grdUserDisponibles tenía una referencia a archivo no válida.
Línea 108: la propiedad Column(2) de grdUserDisponibles tenía una referencia a archivo no válida.
Línea 110: la propiedad FormatStyle(1) de grdUserDisponibles tenía una referencia a archivo no válida.
Línea 111: la propiedad FormatStyle(2) de grdUserDisponibles tenía una referencia a archivo no válida.
Línea 112: la propiedad FormatStyle(3) de grdUserDisponibles tenía una referencia a archivo no válida.
Línea 113: la propiedad FormatStyle(4) de grdUserDisponibles tenía una referencia a archivo no válida.
Línea 114: la propiedad FormatStyle(5) de grdUserDisponibles tenía una referencia a archivo no válida.
Línea 115: la propiedad FormatStyle(6) de grdUserDisponibles tenía una referencia a archivo no válida.
Línea 117: la propiedad PrinterProperties de grdUserDisponibles tenía una referencia a archivo no válida.
